# JRE version: Java(TM) SE Runtime Environment (8.0_131-b11) (build 1.8.0_131-b11)
# Java VM: Java HotSpot(TM) 64-Bit Server VM (25.131-b11 mixed mode linux-amd64 compressed oops)
Heap:
 PSYoungGen      total 322560K, used 230067K [0x000000076ab00000, 0x0000000782f80000, 0x00000007c0000000)
  eden space 267776K, 79% used [0x000000076ab00000,0x0000000777c1ce18,0x000000077b080000)
  from space 54784K, 29% used [0x000000077fa00000,0x0000000780990000,0x0000000782f80000)
  to   space 65024K, 0% used [0x000000077b080000,0x000000077b080000,0x000000077f000000)
 ParOldGen       total 660480K, used 445499K [0x00000006c0000000, 0x00000006e8500000, 0x000000076ab00000)
  object space 660480K, 67% used [0x00000006c0000000,0x00000006db30ecb0,0x00000006e8500000)
 Metaspace       used 70124K, capacity 72904K, committed 73088K, reserved 1112064K
  class space    used 9649K, capacity 10342K, committed 10368K, reserved 1048576K
GC Heap History (10 events):
Event: 4571.502 GC heap before
{Heap before GC invocations=64 (full 4):
 PSYoungGen      total 320512K, used 320064K [0x000000076ab00000, 0x0000000787d00000, 0x00000007c0000000)
  eden space 304128K, 100% used [0x000000076ab00000,0x000000077d400000,0x000000077d400000)
  from space 16384K, 97% used [0x000000077dc00000,0x000000077eb90000,0x000000077ec00000)
  to   space 86528K, 0% used [0x0000000782880000,0x0000000782880000,0x0000000787d00000)
 ParOldGen       total 660480K, used 445483K [0x00000006c0000000, 0x00000006e8500000, 0x000000076ab00000)
  object space 660480K, 67% used [0x00000006c0000000,0x00000006db30acb0,0x00000006e8500000)
 Metaspace       used 70113K, capacity 72840K, committed 73088K, reserved 1112064K
  class space    used 9648K, capacity 10342K, committed 10368K, reserved 1048576K
Event: 4571.513 GC heap after
Heap after GC invocations=64 (full 4):
 PSYoungGen      total 365056K, used 15968K [0x000000076ab00000, 0x0000000786b80000, 0x00000007c0000000)
  eden space 296448K, 0% used [0x000000076ab00000,0x000000076ab00000,0x000000077cc80000)
  from space 68608K, 23% used [0x0000000782880000,0x0000000783818000,0x0000000786b80000)
  to   space 81408K, 0% used [0x000000077cc80000,0x000000077cc80000,0x0000000781c00000)
 ParOldGen       total 660480K, used 445499K [0x00000006c0000000, 0x00000006e8500000, 0x000000076ab00000)
  object space 660480K, 67% used [0x00000006c0000000,0x00000006db30ecb0,0x00000006e8500000)
 Metaspace       used 70113K, capacity 72840K, committed 73088K, reserved 1112064K
  class space    used 9648K, capacity 10342K, committed 10368K, reserved 1048576K
}
Event: 4647.060 GC heap before
{Heap before GC invocations=65 (full 4):
 PSYoungGen      total 365056K, used 312416K [0x000000076ab00000, 0x0000000786b80000, 0x00000007c0000000)
  eden space 296448K, 100% used [0x000000076ab00000,0x000000077cc80000,0x000000077cc80000)
  from space 68608K, 23% used [0x0000000782880000,0x0000000783818000,0x0000000786b80000)
  to   space 81408K, 0% used [0x000000077cc80000,0x000000077cc80000,0x0000000781c00000)
 ParOldGen       total 660480K, used 445499K [0x00000006c0000000, 0x00000006e8500000, 0x000000076ab00000)
  object space 660480K, 67% used [0x00000006c0000000,0x00000006db30ecb0,0x00000006e8500000)
 Metaspace       used 70113K, capacity 72840K, committed 73088K, reserved 1112064K
  class space    used 9648K, capacity 10342K, committed 10368K, reserved 1048576K
Event: 4647.070 GC heap after
Heap after GC invocations=65 (full 4):
 PSYoungGen      total 305152K, used 15936K [0x000000076ab00000, 0x0000000785b00000, 0x00000007c0000000)
  eden space 288768K, 0% used [0x000000076ab00000,0x000000076ab00000,0x000000077c500000)
  from space 16384K, 97% used [0x000000077cc80000,0x000000077dc10000,0x000000077dc80000)
  to   space 76800K, 0% used [0x0000000781000000,0x0000000781000000,0x0000000785b00000)
 ParOldGen       total 660480K, used 445499K [0x00000006c0000000, 0x00000006e8500000, 0x000000076ab00000)
  object space 660480K, 67% used [0x00000006c0000000,0x00000006db30ecb0,0x00000006e8500000)
 Metaspace       used 70113K, capacity 72840K, committed 73088K, reserved 1112064K
  class space    used 9648K, capacity 10342K, committed 10368K, reserved 1048576K
}
Event: 4720.652 GC heap before
{Heap before GC invocations=66 (full 4):
 PSYoungGen      total 305152K, used 304704K [0x000000076ab00000, 0x0000000785b00000, 0x00000007c0000000)
  eden space 288768K, 100% used [0x000000076ab00000,0x000000077c500000,0x000000077c500000)
  from space 16384K, 97% used [0x000000077cc80000,0x000000077dc10000,0x000000077dc80000)
  to   space 76800K, 0% used [0x0000000781000000,0x0000000781000000,0x0000000785b00000)
 ParOldGen       total 660480K, used 445499K [0x00000006c0000000, 0x00000006e8500000, 0x000000076ab00000)
  object space 660480K, 67% used [0x00000006c0000000,0x00000006db30ecb0,0x00000006e8500000)
 Metaspace       used 70113K, capacity 72840K, committed 73088K, reserved 1112064K
  class space    used 9648K, capacity 10342K, committed 10368K, reserved 1048576K
Event: 4720.662 GC heap after
Heap after GC invocations=66 (full 4):
 PSYoungGen      total 343040K, used 15968K [0x000000076ab00000, 0x0000000784c00000, 0x00000007c0000000)
  eden space 281600K, 0% used [0x000000076ab00000,0x000000076ab00000,0x000000077be00000)
  from space 61440K, 25% used [0x0000000781000000,0x0000000781f98000,0x0000000784c00000)
  to   space 72704K, 0% used [0x000000077be00000,0x000000077be00000,0x0000000780500000)
 ParOldGen       total 660480K, used 445499K [0x00000006c0000000, 0x00000006e8500000, 0x000000076ab00000)
  object space 660480K, 67% used [0x00000006c0000000,0x00000006db30ecb0,0x00000006e8500000)
 Metaspace       used 70113K, capacity 72840K, committed 73088K, reserved 1112064K
  class space    used 9648K, capacity 10342K, committed 10368K, reserved 1048576K
}
Event: 4792.387 GC heap before
{Heap before GC invocations=67 (full 4):
 PSYoungGen      total 343040K, used 297568K [0x000000076ab00000, 0x0000000784c00000, 0x00000007c0000000)
  eden space 281600K, 100% used [0x000000076ab00000,0x000000077be00000,0x000000077be00000)
  from space 61440K, 25% used [0x0000000781000000,0x0000000781f98000,0x0000000784c00000)
  to   space 72704K, 0% used [0x000000077be00000,0x000000077be00000,0x0000000780500000)
 ParOldGen       total 660480K, used 445499K [0x00000006c0000000, 0x00000006e8500000, 0x000000076ab00000)
  object space 660480K, 67% used [0x00000006c0000000,0x00000006db30ecb0,0x00000006e8500000)
 Metaspace       used 70113K, capacity 72840K, committed 73088K, reserved 1112064K
  class space    used 9648K, capacity 10342K, committed 10368K, reserved 1048576K
Event: 4792.398 GC heap after
Heap after GC invocations=67 (full 4):
 PSYoungGen      total 290816K, used 15904K [0x000000076ab00000, 0x0000000783d00000, 0x00000007c0000000)
  eden space 274432K, 0% used [0x000000076ab00000,0x000000076ab00000,0x000000077b700000)
  from space 16384K, 97% used [0x000000077be00000,0x000000077cd88000,0x000000077ce00000)
  to   space 68608K, 0% used [0x000000077fa00000,0x000000077fa00000,0x0000000783d00000)
 ParOldGen       total 660480K, used 445499K [0x00000006c0000000, 0x00000006e8500000, 0x000000076ab00000)
  object space 660480K, 67% used [0x00000006c0000000,0x00000006db30ecb0,0x00000006e8500000)
 Metaspace       used 70113K, capacity 72840K, committed 73088K, reserved 1112064K
  class space    used 9648K, capacity 10342K, committed 10368K, reserved 1048576K
}
Event: 4862.180 GC heap before
{Heap before GC invocations=68 (full 4):
 PSYoungGen      total 290816K, used 290336K [0x000000076ab00000, 0x0000000783d00000, 0x00000007c0000000)
  eden space 274432K, 100% used [0x000000076ab00000,0x000000077b700000,0x000000077b700000)
  from space 16384K, 97% used [0x000000077be00000,0x000000077cd88000,0x000000077ce00000)
  to   space 68608K, 0% used [0x000000077fa00000,0x000000077fa00000,0x0000000783d00000)
 ParOldGen       total 660480K, used 445499K [0x00000006c0000000, 0x00000006e8500000, 0x000000076ab00000)
  object space 660480K, 67% used [0x00000006c0000000,0x00000006db30ecb0,0x00000006e8500000)
 Metaspace       used 70113K, capacity 72840K, committed 73088K, reserved 1112064K
  class space    used 9648K, capacity 10342K, committed 10368K, reserved 1048576K
Event: 4862.193 GC heap after
Heap after GC invocations=68 (full 4):
 PSYoungGen      total 322560K, used 15936K [0x000000076ab00000, 0x0000000782f80000, 0x00000007c0000000)
  eden space 267776K, 0% used [0x000000076ab00000,0x000000076ab00000,0x000000077b080000)
  from space 54784K, 29% used [0x000000077fa00000,0x0000000780990000,0x0000000782f80000)
  to   space 65024K, 0% used [0x000000077b080000,0x000000077b080000,0x000000077f000000)
 ParOldGen       total 660480K, used 445499K [0x00000006c0000000, 0x00000006e8500000, 0x000000076ab00000)
  object space 660480K, 67% used [0x00000006c0000000,0x00000006db30ecb0,0x00000006e8500000)
 Metaspace       used 70113K, capacity 72840K, committed 73088K, reserved 1112064K
  class space    used 9648K, capacity 10342K, committed 10368K, reserved 1048576K
}

