# JRE version: Java(TM) SE Runtime Environment (8.0_131-b11) (build 1.8.0_131-b11)
# Java VM: Java HotSpot(TM) 64-Bit Server VM (25.131-b11 mixed mode linux-amd64 compressed oops)
Heap:
 PSYoungGen      total 554496K, used 386554K [0x000000076ab00000, 0x0000000796780000, 0x00000007c0000000)
  eden space 391680K, 81% used [0x000000076ab00000,0x000000077e1ca508,0x0000000782980000)
  from space 162816K, 41% used [0x0000000782980000,0x0000000786c342f8,0x000000078c880000)
  to   space 162304K, 0% used [0x000000078c900000,0x000000078c900000,0x0000000796780000)
 ParOldGen       total 1861120K, used 1231209K [0x00000006c0000000, 0x0000000731980000, 0x000000076ab00000)
  object space 1861120K, 66% used [0x00000006c0000000,0x000000070b25a660,0x0000000731980000)
 Metaspace       used 70789K, capacity 73472K, committed 73944K, reserved 1112064K
  class space    used 9945K, capacity 10646K, committed 10712K, reserved 1048576K
GC Heap History (10 events):
Event: 16981.136 GC heap before
{Heap before GC invocations=141 (full 6):
 PSYoungGen      total 534528K, used 438077K [0x000000076ab00000, 0x0000000793980000, 0x00000007c0000000)
  eden space 399872K, 100% used [0x000000076ab00000,0x0000000783180000,0x0000000783180000)
  from space 134656K, 28% used [0x000000078b600000,0x000000078db4f658,0x0000000793980000)
  to   space 135168K, 0% used [0x0000000783180000,0x0000000783180000,0x000000078b580000)
 ParOldGen       total 1861120K, used 1221298K [0x00000006c0000000, 0x0000000731980000, 0x000000076ab00000)
  object space 1861120K, 65% used [0x00000006c0000000,0x000000070a8ac920,0x0000000731980000)
 Metaspace       used 70782K, capacity 73472K, committed 73944K, reserved 1112064K
  class space    used 9944K, capacity 10646K, committed 10712K, reserved 1048576K
Event: 16981.210 GC heap after
Heap after GC invocations=141 (full 6):
 PSYoungGen      total 535040K, used 46296K [0x000000076ab00000, 0x0000000795380000, 0x00000007c0000000)
  eden space 399872K, 0% used [0x000000076ab00000,0x000000076ab00000,0x0000000783180000)
  from space 135168K, 34% used [0x0000000783180000,0x0000000785eb6100,0x000000078b580000)
  to   space 147968K, 0% used [0x000000078c300000,0x000000078c300000,0x0000000795380000)
 ParOldGen       total 1861120K, used 1222494K [0x00000006c0000000, 0x0000000731980000, 0x000000076ab00000)
  object space 1861120K, 65% used [0x00000006c0000000,0x000000070a9d79f8,0x0000000731980000)
 Metaspace       used 70782K, capacity 73472K, committed 73944K, reserved 1112064K
  class space    used 9944K, capacity 10646K, committed 10712K, reserved 1048576K
}
Event: 17122.979 GC heap before
{Heap before GC invocations=142 (full 6):
 PSYoungGen      total 535040K, used 446168K [0x000000076ab00000, 0x0000000795380000, 0x00000007c0000000)
  eden space 399872K, 100% used [0x000000076ab00000,0x0000000783180000,0x0000000783180000)
  from space 135168K, 34% used [0x0000000783180000,0x0000000785eb6100,0x000000078b580000)
  to   space 147968K, 0% used [0x000000078c300000,0x000000078c300000,0x0000000795380000)
 ParOldGen       total 1861120K, used 1222494K [0x00000006c0000000, 0x0000000731980000, 0x000000076ab00000)
  object space 1861120K, 65% used [0x00000006c0000000,0x000000070a9d79f8,0x0000000731980000)
 Metaspace       used 70782K, capacity 73472K, committed 73944K, reserved 1112064K
  class space    used 9944K, capacity 10646K, committed 10712K, reserved 1048576K
Event: 17123.036 GC heap after
Heap after GC invocations=142 (full 6):
 PSYoungGen      total 540672K, used 52519K [0x000000076ab00000, 0x0000000796380000, 0x00000007c0000000)
  eden space 392704K, 0% used [0x000000076ab00000,0x000000076ab00000,0x0000000782a80000)
  from space 147968K, 35% used [0x000000078c300000,0x000000078f649f48,0x0000000795380000)
  to   space 156160K, 0% used [0x0000000782a80000,0x0000000782a80000,0x000000078c300000)
 ParOldGen       total 1861120K, used 1225436K [0x00000006c0000000, 0x0000000731980000, 0x000000076ab00000)
  object space 1861120K, 65% used [0x00000006c0000000,0x000000070acb7088,0x0000000731980000)
 Metaspace       used 70782K, capacity 73472K, committed 73944K, reserved 1112064K
  class space    used 9944K, capacity 10646K, committed 10712K, reserved 1048576K
}
Event: 17261.800 GC heap before
{Heap before GC invocations=143 (full 6):
 PSYoungGen      total 540672K, used 445223K [0x000000076ab00000, 0x0000000796380000, 0x00000007c0000000)
  eden space 392704K, 100% used [0x000000076ab00000,0x0000000782a80000,0x0000000782a80000)
  from space 147968K, 35% used [0x000000078c300000,0x000000078f649f48,0x0000000795380000)
  to   space 156160K, 0% used [0x0000000782a80000,0x0000000782a80000,0x000000078c300000)
 ParOldGen       total 1861120K, used 1225436K [0x00000006c0000000, 0x0000000731980000, 0x000000076ab00000)
  object space 1861120K, 65% used [0x00000006c0000000,0x000000070acb7088,0x0000000731980000)
 Metaspace       used 70782K, capacity 73472K, committed 73944K, reserved 1112064K
  class space    used 9944K, capacity 10646K, committed 10712K, reserved 1048576K
Event: 17261.859 GC heap after
Heap after GC invocations=143 (full 6):
 PSYoungGen      total 548864K, used 59616K [0x000000076ab00000, 0x0000000796580000, 0x00000007c0000000)
  eden space 392704K, 0% used [0x000000076ab00000,0x000000076ab00000,0x0000000782a80000)
  from space 156160K, 38% used [0x0000000782a80000,0x00000007864b80e8,0x000000078c300000)
  to   space 160768K, 0% used [0x000000078c880000,0x000000078c880000,0x0000000796580000)
 ParOldGen       total 1861120K, used 1226583K [0x00000006c0000000, 0x0000000731980000, 0x000000076ab00000)
  object space 1861120K, 65% used [0x00000006c0000000,0x000000070add5e08,0x0000000731980000)
 Metaspace       used 70782K, capacity 73472K, committed 73944K, reserved 1112064K
  class space    used 9944K, capacity 10646K, committed 10712K, reserved 1048576K
}
Event: 17399.185 GC heap before
{Heap before GC invocations=144 (full 6):
 PSYoungGen      total 548864K, used 452320K [0x000000076ab00000, 0x0000000796580000, 0x00000007c0000000)
  eden space 392704K, 100% used [0x000000076ab00000,0x0000000782a80000,0x0000000782a80000)
  from space 156160K, 38% used [0x0000000782a80000,0x00000007864b80e8,0x000000078c300000)
  to   space 160768K, 0% used [0x000000078c880000,0x000000078c880000,0x0000000796580000)
 ParOldGen       total 1861120K, used 1226583K [0x00000006c0000000, 0x0000000731980000, 0x000000076ab00000)
  object space 1861120K, 65% used [0x00000006c0000000,0x000000070add5e08,0x0000000731980000)
 Metaspace       used 70782K, capacity 73472K, committed 73944K, reserved 1112064K
  class space    used 9944K, capacity 10646K, committed 10712K, reserved 1048576K
Event: 17399.241 GC heap after
Heap after GC invocations=144 (full 6):
 PSYoungGen      total 552448K, used 63526K [0x000000076ab00000, 0x0000000796980000, 0x00000007c0000000)
  eden space 391680K, 0% used [0x000000076ab00000,0x000000076ab00000,0x0000000782980000)
  from space 160768K, 39% used [0x000000078c880000,0x0000000790689b88,0x0000000796580000)
  to   space 162816K, 0% used [0x0000000782980000,0x0000000782980000,0x000000078c880000)
 ParOldGen       total 1861120K, used 1229708K [0x00000006c0000000, 0x0000000731980000, 0x000000076ab00000)
  object space 1861120K, 66% used [0x00000006c0000000,0x000000070b0e3100,0x0000000731980000)
 Metaspace       used 70782K, capacity 73472K, committed 73944K, reserved 1112064K
  class space    used 9944K, capacity 10646K, committed 10712K, reserved 1048576K
}
Event: 17538.063 GC heap before
{Heap before GC invocations=145 (full 6):
 PSYoungGen      total 552448K, used 455206K [0x000000076ab00000, 0x0000000796980000, 0x00000007c0000000)
  eden space 391680K, 100% used [0x000000076ab00000,0x0000000782980000,0x0000000782980000)
  from space 160768K, 39% used [0x000000078c880000,0x0000000790689b88,0x0000000796580000)
  to   space 162816K, 0% used [0x0000000782980000,0x0000000782980000,0x000000078c880000)
 ParOldGen       total 1861120K, used 1229708K [0x00000006c0000000, 0x0000000731980000, 0x000000076ab00000)
  object space 1861120K, 66% used [0x00000006c0000000,0x000000070b0e3100,0x0000000731980000)
 Metaspace       used 70782K, capacity 73472K, committed 73944K, reserved 1112064K
  class space    used 9944K, capacity 10646K, committed 10712K, reserved 1048576K
Event: 17538.121 GC heap after
Heap after GC invocations=145 (full 6):
 PSYoungGen      total 554496K, used 68304K [0x000000076ab00000, 0x0000000796780000, 0x00000007c0000000)
  eden space 391680K, 0% used [0x000000076ab00000,0x000000076ab00000,0x0000000782980000)
  from space 162816K, 41% used [0x0000000782980000,0x0000000786c342f8,0x000000078c880000)
  to   space 162304K, 0% used [0x000000078c900000,0x000000078c900000,0x0000000796780000)
 ParOldGen       total 1861120K, used 1231209K [0x00000006c0000000, 0x0000000731980000, 0x000000076ab00000)
  object space 1861120K, 66% used [0x00000006c0000000,0x000000070b25a660,0x0000000731980000)
 Metaspace       used 70782K, capacity 73472K, committed 73944K, reserved 1112064K
  class space    used 9944K, capacity 10646K, committed 10712K, reserved 1048576K
}

